<?xml version="1.0" encoding="UTF-8"?>
<!-- Generated by org.testng.reporters.JUnitReportReporter -->
<testsuite hostname="LAPTOP-T8TJJLQF" failures="0" tests="12" name="testRunners.TestNGTestRunner" time="44.008" errors="0" timestamp="2024-05-14T18:18:05 EDT" skipped="0">
  <testcase classname="testRunners.TestNGTestRunner" name="runScenario" time="2.508"/>
  <testcase classname="testRunners.TestNGTestRunner" name="runScenario" time="3.630"/>
  <testcase classname="testRunners.TestNGTestRunner" name="runScenario" time="2.837"/>
  <testcase classname="testRunners.TestNGTestRunner" name="runScenario" time="2.332"/>
  <testcase classname="testRunners.TestNGTestRunner" name="runScenario" time="1.451"/>
  <testcase classname="testRunners.TestNGTestRunner" name="runScenario" time="13.831"/>
  <testcase classname="testRunners.TestNGTestRunner" name="runScenario" time="2.526"/>
  <testcase classname="testRunners.TestNGTestRunner" name="runScenario" time="3.348"/>
  <testcase classname="testRunners.TestNGTestRunner" name="runScenario" time="2.926"/>
  <testcase classname="testRunners.TestNGTestRunner" name="runScenario" time="3.009"/>
  <testcase classname="testRunners.TestNGTestRunner" name="runScenario" time="2.933"/>
  <testcase classname="testRunners.TestNGTestRunner" name="runScenario" time="2.677"/>
</testsuite> <!-- testRunners.TestNGTestRunner -->
